# JRE version: Java(TM) SE Runtime Environment (8.0_72-b15) (build 1.8.0_72-b15)
# Java VM: Java HotSpot(TM) 64-Bit Server VM (25.72-b15 mixed mode windows-amd64 compressed oops)
Heap:
 PSYoungGen      total 71680K, used 15946K [0x00000000d5580000, 0x00000000df280000, 0x0000000100000000)
  eden space 66560K, 23% used [0x00000000d5580000,0x00000000d6512b48,0x00000000d9680000)
  from space 5120K, 0% used [0x00000000d9680000,0x00000000d9680000,0x00000000d9b80000)
  to   space 13824K, 0% used [0x00000000de500000,0x00000000de500000,0x00000000df280000)
 ParOldGen       total 72192K, used 17748K [0x0000000080000000, 0x0000000084680000, 0x00000000d5580000)
  object space 72192K, 24% used [0x0000000080000000,0x0000000081155038,0x0000000084680000)
 Metaspace       used 21267K, capacity 21894K, committed 22192K, reserved 1069056K
  class space    used 2531K, capacity 2745K, committed 2816K, reserved 1048576K
GC Heap History (10 events):
Event: 3.248 GC heap before
{Heap before GC invocations=4 (full 0):
 PSYoungGen      total 38400K, used 38384K [0x00000000d5580000, 0x00000000da080000, 0x0000000100000000)
  eden space 33280K, 100% used [0x00000000d5580000,0x00000000d7600000,0x00000000d7600000)
  from space 5120K, 99% used [0x00000000d7600000,0x00000000d7afc010,0x00000000d7b00000)
  to   space 5120K, 0% used [0x00000000d9b80000,0x00000000d9b80000,0x00000000da080000)
 ParOldGen       total 87552K, used 5683K [0x0000000080000000, 0x0000000085580000, 0x00000000d5580000)
  object space 87552K, 6% used [0x0000000080000000,0x000000008058cff0,0x0000000085580000)
 Metaspace       used 14262K, capacity 14518K, committed 14720K, reserved 1062912K
  class space    used 1718K, capacity 1807K, committed 1920K, reserved 1048576K
Event: 3.266 GC heap after
Heap after GC invocations=4 (full 0):
 PSYoungGen      total 71680K, used 5104K [0x00000000d5580000, 0x00000000da080000, 0x0000000100000000)
  eden space 66560K, 0% used [0x00000000d5580000,0x00000000d5580000,0x00000000d9680000)
  from space 5120K, 99% used [0x00000000d9b80000,0x00000000da07c030,0x00000000da080000)
  to   space 5120K, 0% used [0x00000000d9680000,0x00000000d9680000,0x00000000d9b80000)
 ParOldGen       total 87552K, used 10122K [0x0000000080000000, 0x0000000085580000, 0x00000000d5580000)
  object space 87552K, 11% used [0x0000000080000000,0x00000000809e28a0,0x0000000085580000)
 Metaspace       used 14262K, capacity 14518K, committed 14720K, reserved 1062912K
  class space    used 1718K, capacity 1807K, committed 1920K, reserved 1048576K
}
Event: 3.759 GC heap before
{Heap before GC invocations=5 (full 0):
 PSYoungGen      total 71680K, used 71664K [0x00000000d5580000, 0x00000000da080000, 0x0000000100000000)
  eden space 66560K, 100% used [0x00000000d5580000,0x00000000d9680000,0x00000000d9680000)
  from space 5120K, 99% used [0x00000000d9b80000,0x00000000da07c030,0x00000000da080000)
  to   space 5120K, 0% used [0x00000000d9680000,0x00000000d9680000,0x00000000d9b80000)
 ParOldGen       total 87552K, used 10122K [0x0000000080000000, 0x0000000085580000, 0x00000000d5580000)
  object space 87552K, 11% used [0x0000000080000000,0x00000000809e28a0,0x0000000085580000)
 Metaspace       used 14484K, capacity 14734K, committed 14976K, reserved 1062912K
  class space    used 1724K, capacity 1811K, committed 1920K, reserved 1048576K
Event: 3.783 GC heap after
Heap after GC invocations=5 (full 0):
 PSYoungGen      total 71680K, used 5104K [0x00000000d5580000, 0x00000000da080000, 0x0000000100000000)
  eden space 66560K, 0% used [0x00000000d5580000,0x00000000d5580000,0x00000000d9680000)
  from space 5120K, 99% used [0x00000000d9680000,0x00000000d9b7c010,0x00000000d9b80000)
  to   space 5120K, 0% used [0x00000000d9b80000,0x00000000d9b80000,0x00000000da080000)
 ParOldGen       total 87552K, used 14602K [0x0000000080000000, 0x0000000085580000, 0x00000000d5580000)
  object space 87552K, 16% used [0x0000000080000000,0x0000000080e428b0,0x0000000085580000)
 Metaspace       used 14484K, capacity 14734K, committed 14976K, reserved 1062912K
  class space    used 1724K, capacity 1811K, committed 1920K, reserved 1048576K
}
Event: 5.218 GC heap before
{Heap before GC invocations=6 (full 0):
 PSYoungGen      total 71680K, used 71664K [0x00000000d5580000, 0x00000000da080000, 0x0000000100000000)
  eden space 66560K, 100% used [0x00000000d5580000,0x00000000d9680000,0x00000000d9680000)
  from space 5120K, 99% used [0x00000000d9680000,0x00000000d9b7c010,0x00000000d9b80000)
  to   space 5120K, 0% used [0x00000000d9b80000,0x00000000d9b80000,0x00000000da080000)
 ParOldGen       total 87552K, used 14602K [0x0000000080000000, 0x0000000085580000, 0x00000000d5580000)
  object space 87552K, 16% used [0x0000000080000000,0x0000000080e428b0,0x0000000085580000)
 Metaspace       used 20214K, capacity 20682K, committed 20736K, reserved 1067008K
  class space    used 2415K, capacity 2535K, committed 2560K, reserved 1048576K
Event: 5.248 GC heap after
Heap after GC invocations=6 (full 0):
 PSYoungGen      total 71680K, used 5104K [0x00000000d5580000, 0x00000000da080000, 0x0000000100000000)
  eden space 66560K, 0% used [0x00000000d5580000,0x00000000d5580000,0x00000000d9680000)
  from space 5120K, 99% used [0x00000000d9b80000,0x00000000da07c030,0x00000000da080000)
  to   space 5120K, 0% used [0x00000000d9680000,0x00000000d9680000,0x00000000d9b80000)
 ParOldGen       total 87552K, used 21230K [0x0000000080000000, 0x0000000085580000, 0x00000000d5580000)
  object space 87552K, 24% used [0x0000000080000000,0x00000000814bba50,0x0000000085580000)
 Metaspace       used 20214K, capacity 20682K, committed 20736K, reserved 1067008K
  class space    used 2415K, capacity 2535K, committed 2560K, reserved 1048576K
}
Event: 5.487 GC heap before
{Heap before GC invocations=7 (full 0):
 PSYoungGen      total 71680K, used 18402K [0x00000000d5580000, 0x00000000da080000, 0x0000000100000000)
  eden space 66560K, 19% used [0x00000000d5580000,0x00000000d627c808,0x00000000d9680000)
  from space 5120K, 99% used [0x00000000d9b80000,0x00000000da07c030,0x00000000da080000)
  to   space 5120K, 0% used [0x00000000d9680000,0x00000000d9680000,0x00000000d9b80000)
 ParOldGen       total 87552K, used 21230K [0x0000000080000000, 0x0000000085580000, 0x00000000d5580000)
  object space 87552K, 24% used [0x0000000080000000,0x00000000814bba50,0x0000000085580000)
 Metaspace       used 20684K, capacity 21148K, committed 21296K, reserved 1069056K
  class space    used 2474K, capacity 2601K, committed 2688K, reserved 1048576K
Event: 5.499 GC heap after
Heap after GC invocations=7 (full 0):
 PSYoungGen      total 71680K, used 4479K [0x00000000d5580000, 0x00000000df280000, 0x0000000100000000)
  eden space 66560K, 0% used [0x00000000d5580000,0x00000000d5580000,0x00000000d9680000)
  from space 5120K, 87% used [0x00000000d9680000,0x00000000d9adfc78,0x00000000d9b80000)
  to   space 13824K, 0% used [0x00000000de500000,0x00000000de500000,0x00000000df280000)
 ParOldGen       total 87552K, used 22648K [0x0000000080000000, 0x0000000085580000, 0x00000000d5580000)
  object space 87552K, 25% used [0x0000000080000000,0x000000008161e2d0,0x0000000085580000)
 Metaspace       used 20684K, capacity 21148K, committed 21296K, reserved 1069056K
  class space    used 2474K, capacity 2601K, committed 2688K, reserved 1048576K
}
Event: 5.499 GC heap before
{Heap before GC invocations=8 (full 1):
 PSYoungGen      total 71680K, used 4479K [0x00000000d5580000, 0x00000000df280000, 0x0000000100000000)
  eden space 66560K, 0% used [0x00000000d5580000,0x00000000d5580000,0x00000000d9680000)
  from space 5120K, 87% used [0x00000000d9680000,0x00000000d9adfc78,0x00000000d9b80000)
  to   space 13824K, 0% used [0x00000000de500000,0x00000000de500000,0x00000000df280000)
 ParOldGen       total 87552K, used 22648K [0x0000000080000000, 0x0000000085580000, 0x00000000d5580000)
  object space 87552K, 25% used [0x0000000080000000,0x000000008161e2d0,0x0000000085580000)
 Metaspace       used 20684K, capacity 21148K, committed 21296K, reserved 1069056K
  class space    used 2474K, capacity 2601K, committed 2688K, reserved 1048576K
Event: 5.601 GC heap after
Heap after GC invocations=8 (full 1):
 PSYoungGen      total 71680K, used 0K [0x00000000d5580000, 0x00000000df280000, 0x0000000100000000)
  eden space 66560K, 0% used [0x00000000d5580000,0x00000000d5580000,0x00000000d9680000)
  from space 5120K, 0% used [0x00000000d9680000,0x00000000d9680000,0x00000000d9b80000)
  to   space 13824K, 0% used [0x00000000de500000,0x00000000de500000,0x00000000df280000)
 ParOldGen       total 72192K, used 17748K [0x0000000080000000, 0x0000000084680000, 0x00000000d5580000)
  object space 72192K, 24% used [0x0000000080000000,0x0000000081155038,0x0000000084680000)
 Metaspace       used 20684K, capacity 21148K, committed 21296K, reserved 1069056K
  class space    used 2474K, capacity 2601K, committed 2688K, reserved 1048576K
}

